#
# A fatal error has been detected by the Java Runtime Environment:
#
#  EXCEPTION_ACCESS_VIOLATION (0xc0000005) at pc=0x0000000058ca8f45, pid=612, tid=10336
#
# JRE version: Java(TM) SE Runtime Environment (8.0_91-b14) (build 1.8.0_91-b14)
# Java VM: Java HotSpot(TM) 64-Bit Server VM (25.91-b14 mixed mode windows-amd64 compressed oops)
# Problematic frame:
# V  [jvm.dll+0x128f45]
#
# Failed to write core dump. Minidumps are not enabled by default on client versions of Windows
#
# If you would like to submit a bug report, please visit:
#   http://bugreport.java.com/bugreport/crash.jsp
#

---------------  T H R E A D  ---------------

Current thread (0x000000001671b000):  JavaThread "JDWP Transport Listener: dt_socket" daemon [_thread_in_vm, id=10336, stack(0x0000000017d50000,0x0000000017e50000)]

siginfo: ExceptionCode=0xc0000005, reading address 0xffffffffffffffff

Registers:
RAX=0x0000000017e4f001, RBX=0x000000001671b000, RCX=0x73676e6900000008, RDX=0x0000000000000000
RSP=0x0000000017e4f0a0, RBP=0x73676e6900000008, RSI=0x0000000017e4f1b8, RDI=0x0000000002b9aac0
R8 =0x000000001671b000, R9 =0x000000000000ff00, R10=0x0000000000000000, R11=0x0000000017e4f367
R12=0x0000000000000000, R13=0x000000001671bb68, R14=0x0000000000000000, R15=0x0000000000000000
RIP=0x0000000058ca8f45, EFLAGS=0x0000000000010202

Top of Stack: (sp=0x0000000017e4f0a0)
0x0000000017e4f0a0:   000000001671b000 000000001671b000
0x0000000017e4f0b0:   0000000017e4f168 0000000058eaf32b
0x0000000017e4f0c0:   000000001671b000 0000000058ecbb8d
0x0000000017e4f0d0:   0000000000000000 0000000059c09155
0x0000000017e4f0e0:   000000001675c298 0000000059c1291e
0x0000000017e4f0f0:   000000001671b000 0000000000000000
0x0000000017e4f100:   0000000000000000 0000000000000000
0x0000000017e4f110:   73676e6900000008 0000000059c11a15
0x0000000017e4f120:   0000000017e4f1b8 0000000017e4f190
0x0000000017e4f130:   0000000000000001 000000001675c298
0x0000000017e4f140:   73676e6900000008 0000000059bf53b3
0x0000000017e4f150:   0000000017e4f280 0000000000000001
0x0000000017e4f160:   0000000000000001 000000001675c298
0x0000000017e4f170:   0000000000000009 0000000000000000
0x0000000017e4f180:   0000000000000000 0000000000000000
0x0000000017e4f190:   0000000000000001 0000000059bf5571 

Instructions: (pc=0x0000000058ca8f45)
0x0000000058ca8f25:   cc cc cc cc cc cc cc cc cc cc cc 48 83 ec 28 48
0x0000000058ca8f35:   85 c9 75 07 33 c0 48 83 c4 28 c3 48 89 5c 24 20
0x0000000058ca8f45:   48 8b 19 48 85 db 74 20 48 83 fb 37 74 1a 48 8b
0x0000000058ca8f55:   13 48 8b cb ff 52 10 84 c0 74 0d 48 8b c3 48 8b 


Register to memory mapping:

RAX=0x0000000017e4f001 is pointing into the stack for thread: 0x000000001671b000
RBX=0x000000001671b000 is a thread
RCX=0x73676e6900000008 is an unknown value
RDX=0x0000000000000000 is an unknown value
RSP=0x0000000017e4f0a0 is pointing into the stack for thread: 0x000000001671b000
RBP=0x73676e6900000008 is an unknown value
RSI=0x0000000017e4f1b8 is pointing into the stack for thread: 0x000000001671b000
RDI=0x0000000002b9aac0 is an unknown value
R8 =0x000000001671b000 is a thread
R9 =0x000000000000ff00 is an unknown value
R10=0x0000000000000000 is an unknown value
R11=0x0000000017e4f367 is pointing into the stack for thread: 0x000000001671b000
R12=0x0000000000000000 is an unknown value
R13=0x000000001671bb68 is an unknown value
R14=0x0000000000000000 is an unknown value
R15=0x0000000000000000 is an unknown value


Stack: [0x0000000017d50000,0x0000000017e50000],  sp=0x0000000017e4f0a0,  free space=1020k
Native frames: (J=compiled Java code, j=interpreted, Vv=VM code, C=native code)
V  [jvm.dll+0x128f45]
V  [jvm.dll+0x34bb8d]
C  [jdwp.dll+0x21a15]
C  [jdwp.dll+0x53b3]
C  [jdwp.dll+0x5571]
C  [jdwp.dll+0xf0a8]
C  [jdwp.dll+0x1f2d5]
C  [jdwp.dll+0x1f4aa]
V  [jvm.dll+0x1bbf38]
V  [jvm.dll+0x243ae4]
V  [jvm.dll+0x29a99a]
C  [msvcr100.dll+0x21d9f]
C  [msvcr100.dll+0x21e3b]
C  [KERNEL32.DLL+0x1832]
C  [ntdll.dll+0x5d609]


---------------  P R O C E S S  ---------------

Java Threads: ( => current thread )
  0x0000000016736000 JavaThread "Service Thread" daemon [_thread_blocked, id=6952, stack(0x0000000018350000,0x0000000018450000)]
  0x0000000016734000 JavaThread "C1 CompilerThread2" daemon [_thread_blocked, id=10364, stack(0x0000000018250000,0x0000000018350000)]
  0x0000000016733000 JavaThread "C2 CompilerThread1" daemon [_thread_blocked, id=8344, stack(0x0000000018150000,0x0000000018250000)]
  0x000000001673a800 JavaThread "C2 CompilerThread0" daemon [_thread_blocked, id=8812, stack(0x0000000018050000,0x0000000018150000)]
  0x000000001672c000 JavaThread "JDWP Command Reader" daemon [_thread_in_native, id=10372, stack(0x0000000017f50000,0x0000000018050000)]
  0x000000001671e000 JavaThread "JDWP Event Helper Thread" daemon [_thread_blocked, id=2308, stack(0x0000000017e50000,0x0000000017f50000)]
=>0x000000001671b000 JavaThread "JDWP Transport Listener: dt_socket" daemon [_thread_in_vm, id=10336, stack(0x0000000017d50000,0x0000000017e50000)]
  0x0000000016709000 JavaThread "Attach Listener" daemon [_thread_blocked, id=10540, stack(0x0000000017c50000,0x0000000017d50000)]
  0x0000000016707800 JavaThread "Signal Dispatcher" daemon [_thread_blocked, id=6340, stack(0x0000000017b50000,0x0000000017c50000)]
  0x0000000002a9e800 JavaThread "Finalizer" daemon [_thread_blocked, id=7884, stack(0x0000000017970000,0x0000000017a70000)]
  0x0000000002a93800 JavaThread "Reference Handler" daemon [_thread_blocked, id=7048, stack(0x0000000017870000,0x0000000017970000)]
  0x00000000029a2800 JavaThread "main" [_thread_blocked, id=2652, stack(0x0000000002860000,0x0000000002960000)]

Other Threads:
  0x00000000166c7800 VMThread [stack: 0x0000000017770000,0x0000000017870000] [id=11120]
  0x000000001675d800 WatcherThread [stack: 0x0000000018850000,0x0000000018950000] [id=11256]

VM state:not at safepoint (normal execution)

VM Mutex/Monitor currently owned by a thread: None

Heap:
 PSYoungGen      total 28672K, used 11846K [0x00000000e0980000, 0x00000000e2980000, 0x0000000100000000)
  eden space 24576K, 48% used [0x00000000e0980000,0x00000000e1511828,0x00000000e2180000)
  from space 4096K, 0% used [0x00000000e2580000,0x00000000e2580000,0x00000000e2980000)
  to   space 4096K, 0% used [0x00000000e2180000,0x00000000e2180000,0x00000000e2580000)
 ParOldGen       total 65536K, used 0K [0x00000000a1c00000, 0x00000000a5c00000, 0x00000000e0980000)
  object space 65536K, 0% used [0x00000000a1c00000,0x00000000a1c00000,0x00000000a5c00000)
 Metaspace       used 5372K, capacity 5720K, committed 5888K, reserved 1056768K
  class space    used 678K, capacity 712K, committed 768K, reserved 1048576K

Card table byte_map: [0x0000000012240000,0x0000000012540000] byte_map_base: 0x0000000011d32000

Marking Bits: (ParMarkBitMap*) 0x0000000059392f70
 Begin Bits: [0x0000000012b40000, 0x00000000142d0000)
 End Bits:   [0x00000000142d0000, 0x0000000015a60000)

Polling page: 0x0000000002960000

CodeCache: size=245760Kb used=1199Kb max_used=1211Kb free=244560Kb
 bounds [0x0000000002e80000, 0x00000000030f0000, 0x0000000011e80000]
 total_blobs=313 nmethods=75 adapters=159
 compilation: enabled

Compilation events (10 events):
Event: 3782.092 Thread 0x0000000016734000 nmethod 65 0x0000000002fa8350 code [0x0000000002fa84c0, 0x0000000002fa8668]
Event: 3782.092 Thread 0x0000000016734000   66   !   3       java.util.WeakHashMap::expungeStaleEntries (139 bytes)
Event: 3782.095 Thread 0x0000000016734000 nmethod 66 0x0000000002fa8710 code [0x0000000002fa8900, 0x0000000002fa9488]
Event: 3782.095 Thread 0x0000000016734000   67       3       java.util.WeakHashMap::indexFor (6 bytes)
Event: 3782.095 Thread 0x0000000016734000 nmethod 67 0x0000000002fa9b50 code [0x0000000002fa9ca0, 0x0000000002fa9dd0]
Event: 3782.095 Thread 0x0000000016734000   60   !   3       java.util.zip.ZipFile$ZipFileInputStream::read (131 bytes)
Event: 3782.097 Thread 0x0000000016734000 nmethod 60 0x0000000002fa9e50 code [0x0000000002faa020, 0x0000000002faa988]
Event: 3782.098 Thread 0x0000000016734000   61       3       java.util.zip.ZipFile::access$1300 (5 bytes)
Event: 3782.098 Thread 0x0000000016734000 nmethod 61 0x0000000002faaf50 code [0x0000000002fab0e0, 0x0000000002fab348]
Event: 3782.101 Thread 0x000000001673a800 nmethod 74 0x0000000002fae610 code [0x0000000002fae760, 0x0000000002faecb8]

GC Heap History (0 events):
No events

Deoptimization events (0 events):
No events

Internal exceptions (10 events):
Event: 6.566 Thread 0x00000000029a2800 Exception <a 'java/lang/ClassNotFoundException': com/sun/org/glassfish/hk2/osgiresourcelocator/ServiceLoader> (0x00000000e0de5028) thrown at [C:\re\workspace\8-2-build-windows-amd64-cygwin\jdk8u91\6644\hotspot\src\share\vm\classfile\systemDictionary.cpp, l–э}СЊ°@
Event: 6.672 Thread 0x00000000029a2800 Exception <a 'java/lang/NullPointerException'> (0x00000000e107f830) thrown at [C:\re\workspace\8-2-build-windows-amd64-cygwin\jdk8u91\6644\hotspot\src\share\vm\interpreter\linkResolver.cpp, line 1280]
Event: 6.893 Thread 0x00000000029a2800 Exception <a 'java/lang/ArrayIndexOutOfBoundsException': 18> (0x00000000e1446798) thrown at [C:\re\workspace\8-2-build-windows-amd64-cygwin\jdk8u91\6644\hotspot\src\share\vm\interpreter\interpreterRuntime.cpp, line 366]
Event: 6.894 Thread 0x00000000029a2800 Exception <a 'java/lang/ArrayIndexOutOfBoundsException': 67> (0x00000000e1447888) thrown at [C:\re\workspace\8-2-build-windows-amd64-cygwin\jdk8u91\6644\hotspot\src\share\vm\interpreter\interpreterRuntime.cpp, line 366]
Event: 6.895 Thread 0x00000000029a2800 Exception <a 'java/lang/ArrayIndexOutOfBoundsException': 65> (0x00000000e1448f70) thrown at [C:\re\workspace\8-2-build-windows-amd64-cygwin\jdk8u91\6644\hotspot\src\share\vm\interpreter\interpreterRuntime.cpp, line 366]
Event: 6.904 Thread 0x00000000029a2800 Exception <a 'java/lang/ArrayIndexOutOfBoundsException': 44> (0x00000000e1461e10) thrown at [C:\re\workspace\8-2-build-windows-amd64-cygwin\jdk8u91\6644\hotspot\src\share\vm\interpreter\interpreterRuntime.cpp, line 366]
Event: 6.905 Thread 0x00000000029a2800 Exception <a 'java/lang/ArrayIndexOutOfBoundsException': 45> (0x00000000e1462af8) thrown at [C:\re\workspace\8-2-build-windows-amd64-cygwin\jdk8u91\6644\hotspot\src\share\vm\interpreter\interpreterRuntime.cpp, line 366]
Event: 6.956 Thread 0x00000000029a2800 Exception <a 'java/lang/ArrayIndexOutOfBoundsException': 44> (0x00000000e14d36f0) thrown at [C:\re\workspace\8-2-build-windows-amd64-cygwin\jdk8u91\6644\hotspot\src\share\vm\interpreter\interpreterRuntime.cpp, line 366]
Event: 6.957 Thread 0x00000000029a2800 Exception <a 'java/lang/ArrayIndexOutOfBoundsException': 45> (0x00000000e14d42d0) thrown at [C:\re\workspace\8-2-build-windows-amd64-cygwin\jdk8u91\6644\hotspot\src\share\vm\interpreter\interpreterRuntime.cpp, line 366]
Event: 6.965 Thread 0x00000000029a2800 Exception <a 'java/lang/reflect/InvocationTargetException'> (0x00000000e14eccf0) thrown at [C:\re\workspace\8-2-build-windows-amd64-cygwin\jdk8u91\6644\hotspot\src\share\vm\runtime\reflection.cpp, line 1092]

Events (10 events):
Event: 3782.074 Executing VM operation: RevokeBias
Event: 3782.074 Executing VM operation: RevokeBias done
Event: 3782.074 Executing VM operation: RevokeBias
Event: 3782.074 Executing VM operation: RevokeBias done
Event: 3782.076 Executing VM operation: RevokeBias
Event: 3782.076 Executing VM operation: RevokeBias done
Event: 3782.078 Executing VM operation: RevokeBias
Event: 3782.078 Executing VM operation: RevokeBias done
Event: 3782.089 Executing VM operation: RedefineClasses
Event: 3782.091 Executing VM operation: RedefineClasses done


Dynamic libraries:
0x000007f781ed0000 - 0x000007f781f07000 	C:\Program Files\Java\jdk1.8.0_91\bin\java.exe
0x000007f9abb10000 - 0x000007f9abcd0000 	C:\Windows\SYSTEM32\ntdll.dll
0x000007f9ab7b0000 - 0x000007f9ab8e6000 	C:\Windows\system32\KERNEL32.DLL
0x000007f9a8cf0000 - 0x000007f9a8de4000 	C:\Windows\system32\KERNELBASE.dll
0x000007f9a9ca0000 - 0x000007f9a9d7e000 	C:\Windows\system32\ADVAPI32.dll
0x000007f9a9fb0000 - 0x000007f9aa0fc000 	C:\Windows\system32\USER32.dll
0x000007f9a61a0000 - 0x000007f9a640a000 	C:\Windows\WinSxS\amd64_microsoft.windows.common-controls_6595b64144ccf1df_6.0.9200.16579_none_418ab7ef718b27ef\COMCTL32.dll
0x000007f9aa3e0000 - 0x000007f9aa485000 	C:\Windows\system32\msvcrt.dll
0x000007f9aba20000 - 0x000007f9aba68000 	C:\Windows\SYSTEM32\sechost.dll
0x000007f9a98c0000 - 0x000007f9a9a05000 	C:\Windows\system32\RPCRT4.dll
0x000007f9a9610000 - 0x000007f9a9751000 	C:\Windows\system32\GDI32.dll
0x000007f9ab770000 - 0x000007f9ab7a9000 	C:\Windows\system32\IMM32.DLL
0x000007f9a9290000 - 0x000007f9a93a6000 	C:\Windows\system32\MSCTF.dll
0x0000000059420000 - 0x00000000594f2000 	C:\Program Files\Java\jdk1.8.0_91\jre\bin\msvcr100.dll
0x0000000058b80000 - 0x0000000059413000 	C:\Program Files\Java\jdk1.8.0_91\jre\bin\server\jvm.dll
0x000007f99ed60000 - 0x000007f99ed69000 	C:\Windows\SYSTEM32\WSOCK32.dll
0x000007f9a6f60000 - 0x000007f9a6f80000 	C:\Windows\SYSTEM32\WINMM.dll
0x000007f9a5d70000 - 0x000007f9a5d79000 	C:\Windows\SYSTEM32\VERSION.dll
0x000007f9a9600000 - 0x000007f9a9607000 	C:\Windows\system32\PSAPI.DLL
0x000007f9aa380000 - 0x000007f9aa3d8000 	C:\Windows\system32\WS2_32.dll
0x000007f9a5b40000 - 0x000007f9a5b73000 	C:\Windows\SYSTEM32\WINMMBASE.dll
0x000007f9a9280000 - 0x000007f9a9289000 	C:\Windows\system32\NSI.dll
0x000007f9a8a70000 - 0x000007f9a8abf000 	C:\Windows\SYSTEM32\cfgmgr32.dll
0x000007f9a8cc0000 - 0x000007f9a8ce2000 	C:\Windows\system32\DEVOBJ.dll
0x000000005a6c0000 - 0x000000005a6cf000 	C:\Program Files\Java\jdk1.8.0_91\jre\bin\verify.dll
0x0000000059c30000 - 0x0000000059c59000 	C:\Program Files\Java\jdk1.8.0_91\jre\bin\java.dll
0x0000000059bf0000 - 0x0000000059c25000 	C:\Program Files\Java\jdk1.8.0_91\jre\bin\jdwp.dll
0x0000000058b70000 - 0x0000000058b78000 	C:\Program Files\Java\jdk1.8.0_91\jre\bin\npt.dll
0x0000000058b10000 - 0x0000000058b26000 	C:\Program Files\Java\jdk1.8.0_91\jre\bin\zip.dll
0x000007f9aa490000 - 0x000007f9ab770000 	C:\Windows\system32\SHELL32.dll
0x000007f9a8f00000 - 0x000007f9a90b0000 	C:\Windows\SYSTEM32\combase.dll
0x000007f9ab8f0000 - 0x000007f9ab940000 	C:\Windows\system32\SHLWAPI.dll
0x000007f9a7b80000 - 0x000007f9a7c15000 	C:\Windows\SYSTEM32\SHCORE.dll
0x000007f9a8a30000 - 0x000007f9a8a45000 	C:\Windows\system32\profapi.dll
0x0000000058b00000 - 0x0000000058b09000 	C:\Program Files\Java\jdk1.8.0_91\jre\bin\dt_socket.dll
0x000007f9a81f0000 - 0x000007f9a824c000 	C:\Windows\system32\mswsock.dll
0x000007f99da90000 - 0x000007f99dbf3000 	C:\Windows\SYSTEM32\dbghelp.dll

VM Arguments:
jvm_args: -agentlib:jdwp=transport=dt_socket,address=127.0.0.1:62906,suspend=y,server=n -Dfile.encoding=UTF-8 
java_command: main.Generator settings.xml source-data.tsv example-report.txt
java_class_path (initial): C:\Program Files\Java\jdk1.8.0_91\jre\lib\charsets.jar;C:\Program Files\Java\jdk1.8.0_91\jre\lib\deploy.jar;C:\Program Files\Java\jdk1.8.0_91\jre\lib\ext\access-bridge-64.jar;C:\Program Files\Java\jdk1.8.0_91\jre\lib\ext\cldrdata.jar;C:\Program Files\Java\jdk1.8.0_91\jre\lib\ext\dnsns.jar;C:\Program Files\Java\jdk1.8.0_91\jre\lib\ext\jaccess.jar;C:\Program Files\Java\jdk1.8.0_91\jre\lib\ext\jfxrt.jar;C:\Program Files\Java\jdk1.8.0_91\jre\lib\ext\localedata.jar;C:\Program Files\Java\jdk1.8.0_91\jre\lib\ext\nashorn.jar;C:\Program Files\Java\jdk1.8.0_91\jre\lib\ext\sunec.jar;C:\Program Files\Java\jdk1.8.0_91\jre\lib\ext\sunjce_provider.jar;C:\Program Files\Java\jdk1.8.0_91\jre\lib\ext\sunmscapi.jar;C:\Program Files\Java\jdk1.8.0_91\jre\lib\ext\sunpkcs11.jar;C:\Program Files\Java\jdk1.8.0_91\jre\lib\ext\zipfs.jar;C:\Program Files\Java\jdk1.8.0_91\jre\lib\javaws.jar;C:\Program Files\Java\jdk1.8.0_91\jre\lib\jce.jar;C:\Program Files\Java\jdk1.8.0_91\jre\lib\jfr.jar;C:\Program Files\Java\jdk1.8.0_91\jre\lib\jfxswt.jar;C:\Program Files\Java\jdk1.8.0_91\jre\lib\jsse.jar;C:\Program Files\Java\jdk1.8.0_91\jre\lib\management-agent.jar;C:\Program Files\Java\jdk1.8.0_91\jre\lib\plugin.jar;C:\Program Files\Java\jdk1.8.0_91\jre\lib\resources.jar;C:\Program Files\Java\jdk1.8.0_91\jre\lib\rt.jar;C:\Users\Альбина\TexProject\ReportGenerator\out\production\ReportGenerator;C:\Users\Альбина\TexProject\ReportGenerator\lib\opencsv-2.3.jar;C:\Users\Альбина\TexProject\ReportGenerator\lib\jaxb-ri\lib\jaxb-api.jar;C:\Users\Альбина\TexProject\ReportGenerator\lib\jaxb-ri\lib\jaxb-core.jar;C:\Users\Альбина\TexProject\ReportGenerator\lib\jaxb-ri\lib\jaxb-impl.jar;C:\Users\Альбина\TexProject\ReportGenerator\lib\jaxb-ri\lib\jaxb-jxc.jar;C:\Users\Альбина\TexProject\ReportGenerator\lib\jaxb-ri\lib\jaxb-xjc.jar;C:\Program Files (x86)\JetBrains\IntelliJ IDEA 2016.1.2\lib\idea_rt.jar
Launcher Type: SUN_STANDARD

Environment Variables:
JAVA_HOME=C:\Program Files\Java\jdk1.7.0_67
PATH=C:\Python27\Lib\site-packages\PyQt4;C:\ProgramData\Oracle\Java\javapath;C:\Program Files (x86)\Intel\iCLS Client\;C:\Program Files\Intel\iCLS Client\;C:\Program Files (x86)\NVIDIA Corporation\PhysX\Common;C:\Windows\system32;C:\Windows;C:\Windows\System32\Wbem;C:\Windows\System32\WindowsPowerShell\v1.0\;C:\Program Files (x86)\Windows Live\Shared;C:\Program Files (x86)\Intel\OpenCL SDK\2.0\bin\x86;C:\Program Files (x86)\Intel\OpenCL SDK\2.0\bin\x64;C:\Program Files\Intel\Intel(R) Management Engine Components\DAL;C:\Program Files\Intel\Intel(R) Management Engine Components\IPT;C:\Program Files (x86)\Intel\Intel(R) Management Engine Components\DAL;C:\Program Files (x86)\Intel\Intel(R) Management Engine Components\IPT;C:\Program Files (x86)\Microsoft SQL Server\100\Tools\Binn\;C:\Program Files\Microsoft SQL Server\100\Tools\Binn\;C:\Program Files\Microsoft SQL Server\100\DTS\Binn\;C:\Program Files (x86)\MiKTeX 2.9\miktex\bin\;C:\Program Files\Instant Reality\bin\;C:\Program Files\Common Files\Autodesk Shared\;C:\Program Files (x86)\Autodesk\Backburner\;D:\Programs\CloudFoundry;C:\Program Files\MySQL\MySQL Server 5.5\bin;C:\Python27;C:\Python27\DLLs;C:\Python27\Scripts;C:\Python27\Lib\site-packages\vtk;C:\Python27\gnuplot\binary;C:\Python27\Lib\site-packages\osgeo;D:\Programs\pythonxy\SciTE-3.5.1-4;D:\Programs\pythonxy\console;D:\Programs\pythonxy\gettext\bin;C:\Program Files\TortoiseSVN\bin;C:\Program Files\Java\jdk1.7.0_67\bin
USERNAME=Альбина
OS=Windows_NT
PROCESSOR_IDENTIFIER=Intel64 Family 6 Model 58 Stepping 9, GenuineIntel



---------------  S Y S T E M  ---------------

OS: Windows 8 , 64 bit Build 9200 (6.2.9200.16627)

CPU:total 4 (2 cores per cpu, 2 threads per core) family 6 model 58 stepping 9, cmov, cx8, fxsr, mmx, sse, sse2, sse3, ssse3, sse4.1, sse4.2, popcnt, avx, aes, clmul, erms, ht, tsc, tscinvbit, tscinv

Memory: 4k page, physical 6174248k(1682016k free), swap 12989992k(6035936k free)

vm_info: Java HotSpot(TM) 64-Bit Server VM (25.91-b14) for windows-amd64 JRE (1.8.0_91-b14), built on Apr  1 2016 00:58:32 by "java_re" with MS VC++ 10.0 (VS2010)

time: Tue Jun 07 19:11:39 2016
elapsed time: 3782 seconds (0d 1h 3m 2s)

